{"C:\\Users\\auri_\\Desktop\\ProyectoAgilEscalado\\frontend\\src\\services\\alertService.ts": {"path":"C:\\Users\\auri_\\Desktop\\ProyectoAgilEscalado\\frontend\\src\\services\\alertService.ts","statementMap":{"0":{"start":{"line":3,"column":17},"end":{"line":3,"column":null}},"1":{"start":{"line":5,"column":25},"end":{"line":13,"column":null}},"2":{"start":{"line":6,"column":14},"end":{"line":6,"column":null}},"3":{"start":{"line":7,"column":19},"end":{"line":7,"column":null}},"4":{"start":{"line":8,"column":2},"end":{"line":10,"column":null}},"5":{"start":{"line":9,"column":4},"end":{"line":9,"column":null}},"6":{"start":{"line":11,"column":15},"end":{"line":11,"column":null}},"7":{"start":{"line":12,"column":2},"end":{"line":12,"column":null}},"8":{"start":{"line":15,"column":28},"end":{"line":24,"column":null}},"9":{"start":{"line":16,"column":19},"end":{"line":18,"column":null}},"10":{"start":{"line":19,"column":2},"end":{"line":21,"column":null}},"11":{"start":{"line":20,"column":4},"end":{"line":20,"column":null}},"12":{"start":{"line":22,"column":15},"end":{"line":22,"column":null}},"13":{"start":{"line":23,"column":2},"end":{"line":23,"column":null}}},"fnMap":{"0":{"name":"(anonymous_0)","decl":{"start":{"line":5,"column":25},"end":{"line":5,"column":32}},"loc":{"start":{"line":5,"column":75},"end":{"line":13,"column":null}},"line":5},"1":{"name":"(anonymous_1)","decl":{"start":{"line":15,"column":28},"end":{"line":15,"column":35}},"loc":{"start":{"line":15,"column":71},"end":{"line":24,"column":null}},"line":15}},"branchMap":{"0":{"loc":{"start":{"line":6,"column":14},"end":{"line":6,"column":null}},"type":"cond-expr","locations":[{"start":{"line":6,"column":23},"end":{"line":6,"column":63}},{"start":{"line":6,"column":63},"end":{"line":6,"column":null}}],"line":6},"1":{"loc":{"start":{"line":8,"column":2},"end":{"line":10,"column":null}},"type":"if","locations":[{"start":{"line":8,"column":2},"end":{"line":10,"column":null}},{"start":{},"end":{}}],"line":8},"2":{"loc":{"start":{"line":19,"column":2},"end":{"line":21,"column":null}},"type":"if","locations":[{"start":{"line":19,"column":2},"end":{"line":21,"column":null}},{"start":{},"end":{}}],"line":19}},"s":{"0":1,"1":1,"2":3,"3":3,"4":3,"5":1,"6":2,"7":2,"8":1,"9":2,"10":2,"11":1,"12":1,"13":1},"f":{"0":3,"1":2},"b":{"0":[1,2],"1":[1,2],"2":[1,1]},"meta":{"lastBranch":3,"lastFunction":2,"lastStatement":14,"seen":{"s:3:17:3:Infinity":0,"s:5:25:13:Infinity":1,"f:5:25:5:32":0,"s:6:14:6:Infinity":2,"b:6:23:6:63:6:63:6:Infinity":0,"s:7:19:7:Infinity":3,"b:8:2:10:Infinity:undefined:undefined:undefined:undefined":1,"s:8:2:10:Infinity":4,"s:9:4:9:Infinity":5,"s:11:15:11:Infinity":6,"s:12:2:12:Infinity":7,"s:15:28:24:Infinity":8,"f:15:28:15:35":1,"s:16:19:18:Infinity":9,"b:19:2:21:Infinity:undefined:undefined:undefined:undefined":2,"s:19:2:21:Infinity":10,"s:20:4:20:Infinity":11,"s:22:15:22:Infinity":12,"s:23:2:23:Infinity":13}}}
,"C:\\Users\\auri_\\Desktop\\ProyectoAgilEscalado\\frontend\\src\\services\\movementService.ts": {"path":"C:\\Users\\auri_\\Desktop\\ProyectoAgilEscalado\\frontend\\src\\services\\movementService.ts","statementMap":{"0":{"start":{"line":3,"column":17},"end":{"line":3,"column":null}},"1":{"start":{"line":5,"column":30},"end":{"line":21,"column":null}},"2":{"start":{"line":6,"column":19},"end":{"line":12,"column":null}},"3":{"start":{"line":14,"column":2},"end":{"line":17,"column":null}},"4":{"start":{"line":15,"column":18},"end":{"line":15,"column":null}},"5":{"start":{"line":16,"column":4},"end":{"line":16,"column":null}},"6":{"start":{"line":19,"column":15},"end":{"line":19,"column":null}},"7":{"start":{"line":20,"column":2},"end":{"line":20,"column":null}},"8":{"start":{"line":23,"column":30},"end":{"line":45,"column":null}},"9":{"start":{"line":30,"column":19},"end":{"line":36,"column":null}},"10":{"start":{"line":38,"column":2},"end":{"line":41,"column":null}},"11":{"start":{"line":39,"column":18},"end":{"line":39,"column":null}},"12":{"start":{"line":40,"column":4},"end":{"line":40,"column":null}},"13":{"start":{"line":43,"column":15},"end":{"line":43,"column":null}},"14":{"start":{"line":44,"column":2},"end":{"line":44,"column":null}},"15":{"start":{"line":47,"column":31},"end":{"line":56,"column":null}},"16":{"start":{"line":48,"column":19},"end":{"line":48,"column":null}},"17":{"start":{"line":50,"column":2},"end":{"line":52,"column":null}},"18":{"start":{"line":51,"column":4},"end":{"line":51,"column":null}},"19":{"start":{"line":54,"column":15},"end":{"line":54,"column":null}},"20":{"start":{"line":55,"column":2},"end":{"line":55,"column":null}}},"fnMap":{"0":{"name":"(anonymous_0)","decl":{"start":{"line":5,"column":30},"end":{"line":5,"column":37}},"loc":{"start":{"line":5,"column":83},"end":{"line":21,"column":null}},"line":5},"1":{"name":"(anonymous_1)","decl":{"start":{"line":23,"column":30},"end":{"line":23,"column":37}},"loc":{"start":{"line":29,"column":20},"end":{"line":45,"column":null}},"line":29},"2":{"name":"(anonymous_2)","decl":{"start":{"line":47,"column":31},"end":{"line":47,"column":64}},"loc":{"start":{"line":47,"column":64},"end":{"line":56,"column":null}},"line":47}},"branchMap":{"0":{"loc":{"start":{"line":14,"column":2},"end":{"line":17,"column":null}},"type":"if","locations":[{"start":{"line":14,"column":2},"end":{"line":17,"column":null}},{"start":{},"end":{}}],"line":14},"1":{"loc":{"start":{"line":16,"column":20},"end":{"line":16,"column":71}},"type":"binary-expr","locations":[{"start":{"line":16,"column":20},"end":{"line":16,"column":37}},{"start":{"line":16,"column":37},"end":{"line":16,"column":71}}],"line":16},"2":{"loc":{"start":{"line":38,"column":2},"end":{"line":41,"column":null}},"type":"if","locations":[{"start":{"line":38,"column":2},"end":{"line":41,"column":null}},{"start":{},"end":{}}],"line":38},"3":{"loc":{"start":{"line":40,"column":20},"end":{"line":40,"column":72}},"type":"binary-expr","locations":[{"start":{"line":40,"column":20},"end":{"line":40,"column":37}},{"start":{"line":40,"column":37},"end":{"line":40,"column":72}}],"line":40},"4":{"loc":{"start":{"line":50,"column":2},"end":{"line":52,"column":null}},"type":"if","locations":[{"start":{"line":50,"column":2},"end":{"line":52,"column":null}},{"start":{},"end":{}}],"line":50}},"s":{"0":1,"1":1,"2":3,"3":3,"4":2,"5":2,"6":1,"7":1,"8":1,"9":3,"10":3,"11":2,"12":2,"13":1,"14":1,"15":1,"16":2,"17":2,"18":1,"19":1,"20":1},"f":{"0":3,"1":3,"2":2},"b":{"0":[2,1],"1":[2,1],"2":[2,1],"3":[2,1],"4":[1,1]},"meta":{"lastBranch":5,"lastFunction":3,"lastStatement":21,"seen":{"s:3:17:3:Infinity":0,"s:5:30:21:Infinity":1,"f:5:30:5:37":0,"s:6:19:12:Infinity":2,"b:14:2:17:Infinity:undefined:undefined:undefined:undefined":0,"s:14:2:17:Infinity":3,"s:15:18:15:Infinity":4,"s:16:4:16:Infinity":5,"b:16:20:16:37:16:37:16:71":1,"s:19:15:19:Infinity":6,"s:20:2:20:Infinity":7,"s:23:30:45:Infinity":8,"f:23:30:23:37":1,"s:30:19:36:Infinity":9,"b:38:2:41:Infinity:undefined:undefined:undefined:undefined":2,"s:38:2:41:Infinity":10,"s:39:18:39:Infinity":11,"s:40:4:40:Infinity":12,"b:40:20:40:37:40:37:40:72":3,"s:43:15:43:Infinity":13,"s:44:2:44:Infinity":14,"s:47:31:56:Infinity":15,"f:47:31:47:64":2,"s:48:19:48:Infinity":16,"b:50:2:52:Infinity:undefined:undefined:undefined:undefined":4,"s:50:2:52:Infinity":17,"s:51:4:51:Infinity":18,"s:54:15:54:Infinity":19,"s:55:2:55:Infinity":20}}}
,"C:\\Users\\auri_\\Desktop\\ProyectoAgilEscalado\\frontend\\src\\services\\replenishmentService.ts": {"path":"C:\\Users\\auri_\\Desktop\\ProyectoAgilEscalado\\frontend\\src\\services\\replenishmentService.ts","statementMap":{"0":{"start":{"line":7,"column":17},"end":{"line":7,"column":null}},"1":{"start":{"line":10,"column":31},"end":{"line":17,"column":null}},"2":{"start":{"line":11,"column":19},"end":{"line":11,"column":null}},"3":{"start":{"line":12,"column":2},"end":{"line":14,"column":null}},"4":{"start":{"line":13,"column":4},"end":{"line":13,"column":null}},"5":{"start":{"line":15,"column":15},"end":{"line":15,"column":null}},"6":{"start":{"line":16,"column":2},"end":{"line":16,"column":null}},"7":{"start":{"line":19,"column":30},"end":{"line":32,"column":null}},"8":{"start":{"line":22,"column":19},"end":{"line":26,"column":null}},"9":{"start":{"line":27,"column":2},"end":{"line":29,"column":null}},"10":{"start":{"line":28,"column":4},"end":{"line":28,"column":null}},"11":{"start":{"line":30,"column":15},"end":{"line":30,"column":null}},"12":{"start":{"line":31,"column":2},"end":{"line":31,"column":null}},"13":{"start":{"line":35,"column":41},"end":{"line":42,"column":null}},"14":{"start":{"line":36,"column":19},"end":{"line":36,"column":null}},"15":{"start":{"line":37,"column":2},"end":{"line":39,"column":null}},"16":{"start":{"line":38,"column":4},"end":{"line":38,"column":null}},"17":{"start":{"line":40,"column":15},"end":{"line":40,"column":null}},"18":{"start":{"line":41,"column":2},"end":{"line":41,"column":null}},"19":{"start":{"line":44,"column":40},"end":{"line":57,"column":null}},"20":{"start":{"line":47,"column":19},"end":{"line":51,"column":null}},"21":{"start":{"line":52,"column":2},"end":{"line":54,"column":null}},"22":{"start":{"line":53,"column":4},"end":{"line":53,"column":null}},"23":{"start":{"line":55,"column":15},"end":{"line":55,"column":null}},"24":{"start":{"line":56,"column":2},"end":{"line":56,"column":null}},"25":{"start":{"line":59,"column":46},"end":{"line":74,"column":null}},"26":{"start":{"line":63,"column":19},"end":{"line":67,"column":null}},"27":{"start":{"line":68,"column":2},"end":{"line":71,"column":null}},"28":{"start":{"line":69,"column":22},"end":{"line":69,"column":null}},"29":{"start":{"line":70,"column":4},"end":{"line":70,"column":null}},"30":{"start":{"line":72,"column":15},"end":{"line":72,"column":null}},"31":{"start":{"line":73,"column":2},"end":{"line":73,"column":null}}},"fnMap":{"0":{"name":"(anonymous_0)","decl":{"start":{"line":10,"column":31},"end":{"line":10,"column":64}},"loc":{"start":{"line":10,"column":64},"end":{"line":17,"column":null}},"line":10},"1":{"name":"(anonymous_1)","decl":{"start":{"line":19,"column":30},"end":{"line":19,"column":null}},"loc":{"start":{"line":21,"column":24},"end":{"line":32,"column":null}},"line":21},"2":{"name":"(anonymous_2)","decl":{"start":{"line":35,"column":41},"end":{"line":35,"column":84}},"loc":{"start":{"line":35,"column":84},"end":{"line":42,"column":null}},"line":35},"3":{"name":"(anonymous_3)","decl":{"start":{"line":44,"column":40},"end":{"line":44,"column":null}},"loc":{"start":{"line":46,"column":34},"end":{"line":57,"column":null}},"line":46},"4":{"name":"(anonymous_4)","decl":{"start":{"line":59,"column":46},"end":{"line":59,"column":null}},"loc":{"start":{"line":62,"column":34},"end":{"line":74,"column":null}},"line":62}},"branchMap":{"0":{"loc":{"start":{"line":12,"column":2},"end":{"line":14,"column":null}},"type":"if","locations":[{"start":{"line":12,"column":2},"end":{"line":14,"column":null}},{"start":{},"end":{}}],"line":12},"1":{"loc":{"start":{"line":27,"column":2},"end":{"line":29,"column":null}},"type":"if","locations":[{"start":{"line":27,"column":2},"end":{"line":29,"column":null}},{"start":{},"end":{}}],"line":27},"2":{"loc":{"start":{"line":37,"column":2},"end":{"line":39,"column":null}},"type":"if","locations":[{"start":{"line":37,"column":2},"end":{"line":39,"column":null}},{"start":{},"end":{}}],"line":37},"3":{"loc":{"start":{"line":52,"column":2},"end":{"line":54,"column":null}},"type":"if","locations":[{"start":{"line":52,"column":2},"end":{"line":54,"column":null}},{"start":{},"end":{}}],"line":52},"4":{"loc":{"start":{"line":68,"column":2},"end":{"line":71,"column":null}},"type":"if","locations":[{"start":{"line":68,"column":2},"end":{"line":71,"column":null}},{"start":{},"end":{}}],"line":68},"5":{"loc":{"start":{"line":70,"column":20},"end":{"line":70,"column":82}},"type":"binary-expr","locations":[{"start":{"line":70,"column":20},"end":{"line":70,"column":41}},{"start":{"line":70,"column":41},"end":{"line":70,"column":82}}],"line":70}},"s":{"0":1,"1":1,"2":2,"3":2,"4":1,"5":1,"6":1,"7":1,"8":2,"9":2,"10":1,"11":1,"12":1,"13":1,"14":2,"15":2,"16":1,"17":1,"18":1,"19":1,"20":2,"21":2,"22":1,"23":1,"24":1,"25":1,"26":3,"27":3,"28":2,"29":2,"30":1,"31":1},"f":{"0":2,"1":2,"2":2,"3":2,"4":3},"b":{"0":[1,1],"1":[1,1],"2":[1,1],"3":[1,1],"4":[2,1],"5":[2,1]},"meta":{"lastBranch":6,"lastFunction":5,"lastStatement":32,"seen":{"s:7:17:7:Infinity":0,"s:10:31:17:Infinity":1,"f:10:31:10:64":0,"s:11:19:11:Infinity":2,"b:12:2:14:Infinity:undefined:undefined:undefined:undefined":0,"s:12:2:14:Infinity":3,"s:13:4:13:Infinity":4,"s:15:15:15:Infinity":5,"s:16:2:16:Infinity":6,"s:19:30:32:Infinity":7,"f:19:30:19:Infinity":1,"s:22:19:26:Infinity":8,"b:27:2:29:Infinity:undefined:undefined:undefined:undefined":1,"s:27:2:29:Infinity":9,"s:28:4:28:Infinity":10,"s:30:15:30:Infinity":11,"s:31:2:31:Infinity":12,"s:35:41:42:Infinity":13,"f:35:41:35:84":2,"s:36:19:36:Infinity":14,"b:37:2:39:Infinity:undefined:undefined:undefined:undefined":2,"s:37:2:39:Infinity":15,"s:38:4:38:Infinity":16,"s:40:15:40:Infinity":17,"s:41:2:41:Infinity":18,"s:44:40:57:Infinity":19,"f:44:40:44:Infinity":3,"s:47:19:51:Infinity":20,"b:52:2:54:Infinity:undefined:undefined:undefined:undefined":3,"s:52:2:54:Infinity":21,"s:53:4:53:Infinity":22,"s:55:15:55:Infinity":23,"s:56:2:56:Infinity":24,"s:59:46:74:Infinity":25,"f:59:46:59:Infinity":4,"s:63:19:67:Infinity":26,"b:68:2:71:Infinity:undefined:undefined:undefined:undefined":4,"s:68:2:71:Infinity":27,"s:69:22:69:Infinity":28,"s:70:4:70:Infinity":29,"b:70:20:70:41:70:41:70:82":5,"s:72:15:72:Infinity":30,"s:73:2:73:Infinity":31}}}
}
